<?xml version="1.0" encoding="UTF-8"?>
<Site BuildName="Linux-g++"
	BuildStamp="20231203-1346-Experimental"
	Name="hub48"
	Generator="ctest-3.27.7"
	CompilerName="/usr/bin/g++"
	CompilerVersion="12.2.0"
	OSName="Linux"
	Hostname="hub48"
	OSRelease="6.5.13-1-MANJARO"
	OSVersion="#1 SMP PREEMPT_DYNAMIC Tue Nov 28 20:33:05 UTC 2023"
	OSPlatform="x86_64"
	Is64Bits="1"
	VendorString="AuthenticAMD"
	VendorID="Advanced Micro Devices"
	FamilyID="23"
	ModelID="113"
	ProcessorCacheSize="512"
	NumberOfLogicalCPU="12"
	NumberOfPhysicalCPU="6"
	TotalVirtualMemory="0"
	TotalPhysicalMemory="15870"
	LogicalProcessorsPerPhysical="2"
	ProcessorClockFrequency="4062.67"
	>
	<Testing>
		<StartDateTime>Dec 03 19:51 IST</StartDateTime>
		<StartTestTime>1701613270</StartTestTime>
		<TestList/>
		<EndDateTime>Dec 03 19:51 IST</EndDateTime>
		<EndTestTime>1701613270</EndTestTime>
		<ElapsedMinutes>0</ElapsedMinutes>
	</Testing>
</Site>
