<?xml version="1.0" encoding="UTF-8"?>
<Site BuildName="Linux-g++"
	BuildStamp="20231129-0343-Experimental"
	Name="hub48"
	Generator="ctest-3.27.7"
	CompilerName="/usr/bin/g++"
	CompilerVersion="12.2.0"
	OSName="Linux"
	Hostname="hub48"
	OSRelease="6.5.12-1-MANJARO"
	OSVersion="#1 SMP PREEMPT_DYNAMIC Mon Nov 20 13:00:53 UTC 2023"
	OSPlatform="x86_64"
	Is64Bits="1"
	VendorString="AuthenticAMD"
	VendorID="Advanced Micro Devices"
	FamilyID="23"
	ModelID="113"
	ProcessorCacheSize="512"
	NumberOfLogicalCPU="12"
	NumberOfPhysicalCPU="6"
	TotalVirtualMemory="0"
	TotalPhysicalMemory="15870"
	LogicalProcessorsPerPhysical="2"
	ProcessorClockFrequency="4072.86"
	>
	<Testing>
		<StartDateTime>Nov 29 12:14 IST</StartDateTime>
		<StartTestTime>1701240285</StartTestTime>
		<TestList/>
		<EndDateTime>Nov 29 12:14 IST</EndDateTime>
		<EndTestTime>1701240285</EndTestTime>
		<ElapsedMinutes>0</ElapsedMinutes>
	</Testing>
</Site>
